2025-08-11 18:42:47,014 - INFO - Imported existing <module 'comtypes.gen' from 'D:\\mynj\\mynj_env\\Lib\\site-packages\\comtypes\\gen\\__init__.py'>
2025-08-11 18:42:47,015 - INFO - Using writeable comtypes cache directory: 'D:\mynj\mynj_env\Lib\site-packages\comtypes\gen'
2025-08-11 18:42:47,030 - INFO - ================================================================================
2025-08-11 18:42:47,031 - INFO - 🚀 微信公众号全自动爬取流程启动 🚀
2025-08-11 18:42:47,031 - INFO - 版本: v3.0 - 全自动化版本
2025-08-11 18:42:47,031 - INFO - 执行时间: 2025-08-11 18:42:47
2025-08-11 18:42:47,031 - INFO - ================================================================================
2025-08-11 18:42:47,032 - INFO - 🔍 测试数据库连接...
2025-08-11 18:42:47,039 - INFO - ✅ 数据库连接成功: 127.0.0.1:3306/faxuan
2025-08-11 18:42:47,056 - INFO - ✅ 数据库连接成功！当前已有 500 篇文章
2025-08-11 18:42:47,056 - INFO - 数据库连接已关闭
2025-08-11 18:42:47,056 - INFO - 启动全自动化爬取流程...
2025-08-11 18:42:47,058 - INFO - ✅ 数据库连接成功: 127.0.0.1:3306/faxuan
2025-08-11 18:42:47,067 - INFO - ✅ 数据库连接成功！当前有 500 篇文章
2025-08-11 18:42:47,067 - INFO - 数据库连接已关闭
2025-08-11 18:42:47,067 - INFO - ================================================================================
2025-08-11 18:42:47,068 - INFO - 🚀 多公众号全新自动化流程启动 🚀
2025-08-11 18:42:47,068 - INFO - ================================================================================
2025-08-11 18:42:47,068 - INFO - 🧩 分段回填未启用或已完成，使用常规 days_back 窗口
2025-08-11 18:42:47,068 - WARNING - ⚠️ 非分段自适应估算失败: cannot access local variable 'BackfillStageInfo' where it is not associated with a value
2025-08-11 18:42:47,068 - INFO - 正在从 target_articles.xlsx 读取所有目标URL...
2025-08-11 18:42:47,441 - INFO - 找到有效目标 1: 网信南京 - http://mp.weixin.qq.com/s?__biz=MzIyMTU5NzkxMQ==&m...
2025-08-11 18:42:47,441 - INFO - 找到有效目标 2: 钟山清风 - https://mp.weixin.qq.com/s?__biz=Mzg3MzcwMjI5NQ==&...
2025-08-11 18:42:47,441 - INFO - 共找到 2 个有效的公众号目标
2025-08-11 18:42:47,441 - INFO - 📋 共找到 2 个公众号，开始逐个处理...
2025-08-11 18:42:47,441 - INFO - ============================================================
2025-08-11 18:42:47,442 - INFO - 📍 处理第 1/2 个公众号: 网信南京
2025-08-11 18:42:47,442 - INFO - ============================================================
2025-08-11 18:42:47,442 - INFO - [步骤 1/5] 为 '网信南京' 创建独立的 Cookie 抓取器...
2025-08-11 18:42:47,442 - INFO - 已删除旧的日志文件: wechat_keys.txt
2025-08-11 18:42:47,442 - INFO - 🚀 开始启动Cookie抓取器...
2025-08-11 18:42:47,442 - INFO - 步骤1: 正在准备网络环境...
2025-08-11 18:42:47,442 - INFO - === 开始重置网络状态 ===
2025-08-11 18:42:47,442 - INFO - 🔍 正在检查并结束现有代理进程...
2025-08-11 18:42:47,539 - INFO - 未发现运行中的mitmdump进程，跳过进程结束步骤
2025-08-11 18:42:47,539 - INFO - 🔧 正在关闭系统代理设置...
2025-08-11 18:42:47,539 - INFO - 系统代理已成功关闭
2025-08-11 18:42:47,539 - INFO - ✅ 代理关闭操作
2025-08-11 18:42:47,539 - INFO - 🔗 正在验证网络连接...
2025-08-11 18:42:47,664 - INFO - ✅ 网络连接正常（无代理）- 测试网站: https://www.baidu.com
2025-08-11 18:42:47,664 - INFO - ✅ 网络状态重置验证完成
2025-08-11 18:42:47,664 - INFO - 步骤2: 正在备份原始网络配置...
2025-08-11 18:42:47,664 - INFO - 已备份原始代理设置: {'enable': False, 'server': ''}
2025-08-11 18:42:47,665 - INFO - 步骤3: 正在启动命令: mitmdump -s D:\mynj\wechat_spider_gitlab\src\proxy\cookie_extractor.py --listen-port 8080 --ssl-insecure
2025-08-11 18:42:48,187 - INFO - ✅ mitmdump版本: Mitmproxy: 12.1.1
Python:    3.13.5
OpenSSL:   OpenSSL 3.4.1 11 Feb 2025
Platform:  Windows-11-10.0.22631-SP0
2025-08-11 18:42:48,187 - INFO - 🔄 Cookie抓取器进程已启动，PID: 22664
2025-08-11 18:42:48,187 - INFO - 步骤4: 等待代理服务启动... (最多30秒)
2025-08-11 18:42:51,188 - INFO - 等待代理服务启动...
2025-08-11 18:42:51,189 - INFO - ✅ 端口 8080 已开始监听
2025-08-11 18:42:51,226 - INFO - ✅ 代理服务已启动并正常工作
2025-08-11 18:42:51,226 - INFO - ✅ Cookie抓取器已成功启动并运行正常 (PID: 22664)
2025-08-11 18:42:51,226 - INFO - ✅ Cookie 抓取器已在后台运行。
2025-08-11 18:42:51,226 - INFO - [步骤 2/5] 为 '网信南京' 启动 UI 自动化...
2025-08-11 18:42:51,227 - INFO - --- 步骤 1: 正在发送链接到文件传输助手 ---
2025-08-11 18:42:51,227 - INFO - 准备将链接发送到文件传输助手...
2025-08-11 18:42:51,227 - INFO - 正在查找微信主窗口...
2025-08-11 18:42:52,121 - INFO - 成功找到微信窗口 (ClassName='WeChatMainWndForPC')
2025-08-11 18:42:52,121 - INFO - 正在激活微信窗口...
2025-08-11 18:42:54,635 - INFO - 微信窗口已激活。
2025-08-11 18:42:54,636 - INFO - 尝试通过搜索框查找并进入'文件传输助手'...
2025-08-11 18:43:01,230 - INFO - 已通过搜索进入'文件传输助手'。
2025-08-11 18:43:01,230 - INFO - 清空搜索框并将焦点转移到聊天区域...
2025-08-11 18:43:04,561 - INFO - 正在查找聊天输入框...
2025-08-11 18:43:06,562 - INFO - 方法1: 查找所有EditControl，排除搜索框...
2025-08-11 18:43:06,567 - INFO - 方法2: 直接点击聊天输入区域...
2025-08-11 18:43:06,567 - INFO - 点击聊天输入区域坐标: (1033, 756)
2025-08-11 18:43:08,144 - INFO - 已将链接复制到剪贴板: http://mp.weixin.qq.com/s?__biz=MzIyMTU5NzkxMQ==&mid=2247533375&idx=1&sn=630f1c7e5e6f16110ba841a4ba9e7162&chksm=e8385a87df4fd391fa4f8f38970f5543f38abf0d864719101a69023d0ec5347c24eaa357f068#rd
2025-08-11 18:43:10,430 - INFO - 链接已粘贴，正在发送...
2025-08-11 18:43:10,677 - INFO - 找到发送按钮，点击发送...
2025-08-11 18:43:11,443 - INFO - 链接已发送。
2025-08-11 18:43:14,444 - INFO - --- 步骤 2: 链接已发送，准备查找并点击最新消息 ---
2025-08-11 18:43:16,536 - INFO - 已定位到最新的消息项，准备点击。
2025-08-11 18:43:17,259 - INFO - ✅ 成功点击最新链接。
2025-08-11 18:43:20,260 - INFO - --- 步骤 2.5: 检测并处理SSL证书错误页面 ---
2025-08-11 18:43:20,260 - INFO - 正在查找微信浏览器窗口...
2025-08-11 18:43:20,260 - INFO - 尝试使用GetFocusedControl查找当前焦点窗口...
2025-08-11 18:43:20,265 - INFO - 通过焦点检测找到浏览器窗口: '微信' (Chrome_WidgetWin_0)
2025-08-11 18:43:22,969 - INFO - 已成功激活焦点浏览器窗口
2025-08-11 18:43:24,470 - INFO - 正在检测SSL证书错误页面...
2025-08-11 18:43:40,311 - INFO - 未检测到SSL证书错误页面，继续正常流程
2025-08-11 18:43:40,312 - INFO - --- 步骤 3: 开始执行自动刷新 ---
2025-08-11 18:43:40,312 - INFO - 🔍 启用了抓包检测，将在成功抓包后自动停止刷新
2025-08-11 18:43:40,312 - INFO - 正在执行第 1 次刷新操作...
2025-08-11 18:43:40,312 - WARNING - 在文件中未找到有效的Cookie数据。
2025-08-11 18:43:40,312 - INFO - 正在查找微信浏览器窗口...
2025-08-11 18:43:40,312 - INFO - 尝试使用GetFocusedControl查找当前焦点窗口...
2025-08-11 18:43:40,316 - INFO - 通过焦点检测找到浏览器窗口: '微信' (Chrome_WidgetWin_0)
2025-08-11 18:43:43,022 - INFO - 已成功激活焦点浏览器窗口
2025-08-11 18:43:43,523 - INFO - 正在查找微信浏览器窗口...
2025-08-11 18:43:43,523 - INFO - 尝试使用GetFocusedControl查找当前焦点窗口...
2025-08-11 18:43:43,527 - INFO - 通过焦点检测找到浏览器窗口: '微信' (Chrome_WidgetWin_0)
2025-08-11 18:43:46,232 - INFO - 已成功激活焦点浏览器窗口
2025-08-11 18:43:47,733 - INFO - 正在检测SSL证书错误页面...
2025-08-11 18:44:04,022 - INFO - 已发送F5刷新指令到浏览器窗口
2025-08-11 18:44:04,022 - INFO - 等待页面刷新完成... (2.5秒)
2025-08-11 18:44:06,523 - INFO - 从文件中解析到有效Cookie数据。
2025-08-11 18:44:06,523 - INFO - 🎉 检测到抓包成功！在第 1 次刷新后停止
2025-08-11 18:44:06,523 - INFO - ✅ 自动刷新提前结束，开始进行阅读量爬取
2025-08-11 18:44:06,523 - INFO - 从文件中解析到有效Cookie数据。
2025-08-11 18:44:06,523 - INFO - ✅ 自动刷新因抓包成功而提前结束
2025-08-11 18:44:06,524 - INFO - ✅ UI 自动化已成功触发链接打开。
2025-08-11 18:44:06,524 - INFO - [步骤 3/5] 等待 '网信南京' 的 Cookie 数据...
2025-08-11 18:44:06,524 - INFO - 正在等待Cookie数据写入 'wechat_keys.txt'... (超时: 120秒)
2025-08-11 18:44:07,525 - INFO - 检测到Cookie文件已生成。
2025-08-11 18:44:07,525 - INFO - 从文件中解析到有效Cookie数据。
2025-08-11 18:44:07,525 - INFO - ✅ 成功获取并验证了新的 Cookie。
2025-08-11 18:44:07,525 - INFO - [步骤 4/5] 停止 '网信南京' 的 Cookie 抓取器...
2025-08-11 18:44:07,525 - INFO - 🧹 开始清理抓取器资源...
2025-08-11 18:44:07,525 - INFO - 正在停止Cookie抓取器 (PID: 22664)...
2025-08-11 18:44:07,526 - INFO - Cookie抓取器已成功终止。
2025-08-11 18:44:07,526 - INFO - 正在验证并清理代理设置...
2025-08-11 18:44:07,526 - INFO - === 开始重置网络状态 ===
2025-08-11 18:44:07,526 - INFO - 🔍 正在检查并结束现有代理进程...
2025-08-11 18:44:07,613 - INFO - 未发现运行中的mitmdump进程，跳过进程结束步骤
2025-08-11 18:44:07,614 - INFO - 🔧 正在关闭系统代理设置...
2025-08-11 18:44:07,614 - INFO - 系统代理已成功关闭
2025-08-11 18:44:07,614 - INFO - ✅ 代理关闭操作
2025-08-11 18:44:07,614 - INFO - 🔗 正在验证网络连接...
2025-08-11 18:44:07,682 - INFO - ✅ 网络连接正常（无代理）- 测试网站: https://www.baidu.com
2025-08-11 18:44:07,682 - INFO - ✅ 网络状态重置验证完成
2025-08-11 18:44:07,682 - INFO - ✅ 代理已完全关闭，网络状态已清理
2025-08-11 18:44:07,731 - INFO - ✅ 网络连接正常（无代理）- 测试网站: https://www.baidu.com
2025-08-11 18:44:07,731 - INFO - ✅ 网络连接验证正常
2025-08-11 18:44:10,732 - INFO - ✅ Cookie 抓取器已停止，系统代理已恢复。
2025-08-11 18:44:10,732 - INFO - [步骤 5/5] 开始爬取 '网信南京' 的文章...
2025-08-11 18:44:10,732 - INFO - 🔄 第 1/2 次尝试爬取...
2025-08-11 18:44:10,753 - INFO - ✅ 数据库连接成功: 127.0.0.1:3306/faxuan
2025-08-11 18:44:10,867 - WARNING - ⚠️ Cookie验证失败（ret=-3），准备仅刷新文章页面以重新抓包...
2025-08-11 18:44:10,867 - INFO - 🔄 重新启动Cookie抓取器...
2025-08-11 18:44:10,868 - INFO - 已删除旧的日志文件: wechat_keys.txt
2025-08-11 18:44:10,868 - INFO - 🚀 开始启动Cookie抓取器...
2025-08-11 18:44:10,868 - INFO - 步骤1: 正在准备网络环境...
2025-08-11 18:44:10,869 - INFO - === 开始重置网络状态 ===
2025-08-11 18:44:10,869 - INFO - 🔍 正在检查并结束现有代理进程...
2025-08-11 18:44:10,959 - INFO - 未发现运行中的mitmdump进程，跳过进程结束步骤
2025-08-11 18:44:10,959 - INFO - 🔧 正在关闭系统代理设置...
2025-08-11 18:44:10,960 - INFO - 系统代理已成功关闭
2025-08-11 18:44:10,960 - INFO - ✅ 代理关闭操作
2025-08-11 18:44:10,960 - INFO - 🔗 正在验证网络连接...
2025-08-11 18:44:11,004 - INFO - ✅ 网络连接正常（无代理）- 测试网站: https://www.baidu.com
2025-08-11 18:44:11,005 - INFO - ✅ 网络状态重置验证完成
2025-08-11 18:44:11,005 - INFO - 步骤2: 正在备份原始网络配置...
2025-08-11 18:44:11,005 - INFO - 已备份原始代理设置: {'enable': False, 'server': ''}
2025-08-11 18:44:11,005 - INFO - 步骤3: 正在启动命令: mitmdump -s D:\mynj\wechat_spider_gitlab\src\proxy\cookie_extractor.py --listen-port 8080 --ssl-insecure
2025-08-11 18:44:11,481 - INFO - ✅ mitmdump版本: Mitmproxy: 12.1.1
Python:    3.13.5
OpenSSL:   OpenSSL 3.4.1 11 Feb 2025
Platform:  Windows-11-10.0.22631-SP0
2025-08-11 18:44:11,482 - INFO - 🔄 Cookie抓取器进程已启动，PID: 36484
2025-08-11 18:44:11,482 - INFO - 步骤4: 等待代理服务启动... (最多30秒)
2025-08-11 18:44:14,482 - INFO - 等待代理服务启动...
2025-08-11 18:44:14,483 - INFO - ✅ 端口 8080 已开始监听
2025-08-11 18:44:14,509 - INFO - ✅ 代理服务已启动并正常工作
2025-08-11 18:44:14,509 - INFO - ✅ Cookie抓取器已成功启动并运行正常 (PID: 36484)
2025-08-11 18:44:14,509 - INFO - 🔁 不重新粘贴链接，直接刷新已打开的文章页面以触发新请求…
2025-08-11 18:44:14,510 - INFO - 开始执行自动浏览器刷新...
2025-08-11 18:44:14,510 - WARNING - 在文件中未找到有效的Cookie数据。
2025-08-11 18:44:14,510 - INFO - 首先检查是否存在SSL证书错误页面...
2025-08-11 18:44:14,510 - INFO - 正在查找微信浏览器窗口...
2025-08-11 18:44:14,510 - INFO - 尝试使用GetFocusedControl查找当前焦点窗口...
2025-08-11 18:44:14,516 - INFO - 通过焦点检测找到浏览器窗口: '微信' (Chrome_WidgetWin_0)
2025-08-11 18:44:17,223 - INFO - 已成功激活焦点浏览器窗口
2025-08-11 18:44:18,723 - INFO - 正在检测SSL证书错误页面...
2025-08-11 18:44:34,498 - INFO - 未检测到SSL证书错误页面，开始正常刷新流程
2025-08-11 18:44:34,498 - INFO - 正在执行第 1 次刷新操作...
2025-08-11 18:44:34,499 - WARNING - 在文件中未找到有效的Cookie数据。
2025-08-11 18:44:34,499 - INFO - 正在查找微信浏览器窗口...
2025-08-11 18:44:34,499 - INFO - 尝试使用GetFocusedControl查找当前焦点窗口...
2025-08-11 18:44:34,504 - INFO - 通过焦点检测找到浏览器窗口: '微信' (Chrome_WidgetWin_0)
2025-08-11 18:44:37,211 - INFO - 已成功激活焦点浏览器窗口
2025-08-11 18:44:38,213 - INFO - 已发送F5刷新指令到浏览器窗口
2025-08-11 18:44:38,214 - INFO - 等待页面刷新完成... (3.0秒)
2025-08-11 18:44:41,214 - INFO - 从文件中解析到有效Cookie数据。
2025-08-11 18:44:41,215 - INFO - 🎉 刷新后检测到抓包成功，在第 1 次后结束
2025-08-11 18:44:41,215 - INFO - 正在等待Cookie数据写入 'wechat_keys.txt'... (超时: 120秒)
2025-08-11 18:44:42,216 - INFO - 检测到Cookie文件已生成。
2025-08-11 18:44:42,217 - INFO - 从文件中解析到有效Cookie数据。
2025-08-11 18:44:42,217 - INFO - 🧹 开始清理抓取器资源...
2025-08-11 18:44:42,217 - INFO - 正在停止Cookie抓取器 (PID: 36484)...
2025-08-11 18:44:42,219 - INFO - Cookie抓取器已成功终止。
2025-08-11 18:44:42,219 - INFO - 正在验证并清理代理设置...
2025-08-11 18:44:42,219 - INFO - === 开始重置网络状态 ===
2025-08-11 18:44:42,220 - INFO - 🔍 正在检查并结束现有代理进程...
2025-08-11 18:44:42,310 - INFO - 未发现运行中的mitmdump进程，跳过进程结束步骤
2025-08-11 18:44:42,311 - INFO - 🔧 正在关闭系统代理设置...
2025-08-11 18:44:42,311 - INFO - 系统代理已成功关闭
2025-08-11 18:44:42,311 - INFO - ✅ 代理关闭操作
2025-08-11 18:44:42,311 - INFO - 🔗 正在验证网络连接...
2025-08-11 18:44:42,348 - INFO - ✅ 网络连接正常（无代理）- 测试网站: https://www.baidu.com
2025-08-11 18:44:42,349 - INFO - ✅ 网络状态重置验证完成
2025-08-11 18:44:42,349 - INFO - ✅ 代理已完全关闭，网络状态已清理
2025-08-11 18:44:42,407 - INFO - ✅ 网络连接正常（无代理）- 测试网站: https://www.baidu.com
2025-08-11 18:44:42,408 - INFO - ✅ 网络连接验证正常
2025-08-11 18:44:45,409 - INFO - ✅ 成功通过刷新重新获取Cookie，继续尝试...
2025-08-11 18:44:45,409 - INFO - 🔄 第 2/2 次尝试爬取...
2025-08-11 18:44:45,428 - INFO - ✅ 数据库连接成功: 127.0.0.1:3306/faxuan
2025-08-11 18:44:45,725 - INFO - ✅ Cookie验证成功，开始正式爬取...
2025-08-11 18:44:45,726 - INFO - 🧠 账号 网信南京 自适应估算 max_pages = 5
2025-08-11 18:45:16,504 - INFO - ✅ 文章插入成功: 承认了，都是演的！ (ID: 2025081118458485)
2025-08-11 18:45:31,469 - INFO - ✅ 文章插入成功: 赶紧卸载！有人损失近10万… (ID: 2025081118453937)
2025-08-11 18:45:42,521 - INFO - ✅ 文章插入成功: 请叫我江宁“王家卫” (ID: 2025081118458778)
2025-08-11 18:45:53,921 - INFO - ✅ 文章插入成功: 中消协点名私域直播、情绪消费… (ID: 2025081118458394)
2025-08-11 18:46:19,281 - INFO - 数据库连接已关闭
2025-08-11 18:46:19,374 - INFO - ✅ 公众号 '网信南京' 爬取完成！获取 4 篇文章
2025-08-11 18:46:19,374 - INFO - 📊 数据已保存到: ./data/readnum_batch/readnum_网信南京_20250811_184619.xlsx
2025-08-11 18:46:19,374 - INFO - ⏳ 公众号间延迟 3600 秒...
2025-08-11 18:56:50,489 - INFO - Imported existing <module 'comtypes.gen' from 'D:\\mynj\\mynj_env\\Lib\\site-packages\\comtypes\\gen\\__init__.py'>
2025-08-11 18:56:50,489 - INFO - Using writeable comtypes cache directory: 'D:\mynj\mynj_env\Lib\site-packages\comtypes\gen'
2025-08-11 18:56:50,494 - INFO - ================================================================================
2025-08-11 18:56:50,494 - INFO - 🚀 微信公众号全自动爬取流程启动 🚀
2025-08-11 18:56:50,494 - INFO - 版本: v3.0 - 全自动化版本
2025-08-11 18:56:50,494 - INFO - 执行时间: 2025-08-11 18:56:50
2025-08-11 18:56:50,494 - INFO - ================================================================================
2025-08-11 18:56:50,495 - INFO - 🔍 测试数据库连接...
2025-08-11 18:56:50,496 - INFO - ✅ 数据库连接成功: 127.0.0.1:3306/faxuan
2025-08-11 18:56:50,501 - INFO - ✅ 数据库连接成功！当前已有 504 篇文章
2025-08-11 18:56:50,503 - INFO - 数据库连接已关闭
2025-08-11 18:56:50,503 - INFO - 启动全自动化爬取流程...
2025-08-11 18:56:50,503 - INFO - ✅ 数据库连接成功: 127.0.0.1:3306/faxuan
2025-08-11 18:56:50,508 - INFO - ✅ 数据库连接成功！当前有 504 篇文章
2025-08-11 18:56:50,508 - INFO - 数据库连接已关闭
2025-08-11 18:56:50,508 - INFO - ================================================================================
2025-08-11 18:56:50,508 - INFO - 🚀 多公众号全新自动化流程启动 🚀
2025-08-11 18:56:50,508 - INFO - ================================================================================
2025-08-11 18:56:50,508 - INFO - 🧩 分段回填未启用或已完成，使用常规 days_back 窗口
2025-08-11 18:56:50,508 - WARNING - ⚠️ 非分段自适应估算失败: cannot access local variable 'BackfillStageInfo' where it is not associated with a value
2025-08-11 18:56:50,509 - INFO - 正在从 target_articles.xlsx 读取所有目标URL...
2025-08-11 18:56:50,581 - INFO - 找到有效目标 1: 南京检察 - http://mp.weixin.qq.com/s?__biz=MzA4NDIwNDMwMA==&m...
2025-08-11 18:56:50,581 - INFO - 找到有效目标 2: 钟山清风 - https://mp.weixin.qq.com/s?__biz=Mzg3MzcwMjI5NQ==&...
2025-08-11 18:56:50,581 - INFO - 共找到 2 个有效的公众号目标
2025-08-11 18:56:50,581 - INFO - 📋 共找到 2 个公众号，开始逐个处理...
2025-08-11 18:56:50,581 - INFO - ============================================================
2025-08-11 18:56:50,581 - INFO - 📍 处理第 1/2 个公众号: 南京检察
2025-08-11 18:56:50,581 - INFO - ============================================================
2025-08-11 18:56:50,581 - INFO - [步骤 1/5] 为 '南京检察' 创建独立的 Cookie 抓取器...
2025-08-11 18:56:50,582 - INFO - 已删除旧的日志文件: wechat_keys.txt
2025-08-11 18:56:50,582 - INFO - 🚀 开始启动Cookie抓取器...
2025-08-11 18:56:50,582 - INFO - 步骤1: 正在准备网络环境...
2025-08-11 18:56:50,582 - INFO - === 开始重置网络状态 ===
2025-08-11 18:56:50,582 - INFO - 🔍 正在检查并结束现有代理进程...
2025-08-11 18:56:50,668 - INFO - 未发现运行中的mitmdump进程，跳过进程结束步骤
2025-08-11 18:56:50,679 - INFO - 🔧 正在关闭系统代理设置...
2025-08-11 18:56:50,680 - INFO - 系统代理已成功关闭
2025-08-11 18:56:50,680 - INFO - ✅ 代理关闭操作
2025-08-11 18:56:50,680 - INFO - 🔗 正在验证网络连接...
2025-08-11 18:56:50,708 - INFO - ✅ 网络连接正常（无代理）- 测试网站: https://www.baidu.com
2025-08-11 18:56:50,708 - INFO - ✅ 网络状态重置验证完成
2025-08-11 18:56:50,708 - INFO - 步骤2: 正在备份原始网络配置...
2025-08-11 18:56:50,708 - INFO - 已备份原始代理设置: {'enable': False, 'server': ''}
2025-08-11 18:56:50,709 - INFO - 步骤3: 正在启动命令: mitmdump -s D:\mynj\wechat_spider_gitlab\src\proxy\cookie_extractor.py --listen-port 8080 --ssl-insecure
2025-08-11 18:56:51,232 - INFO - ✅ mitmdump版本: Mitmproxy: 12.1.1
Python:    3.13.5
OpenSSL:   OpenSSL 3.4.1 11 Feb 2025
Platform:  Windows-11-10.0.22631-SP0
2025-08-11 18:56:51,233 - INFO - 🔄 Cookie抓取器进程已启动，PID: 37108
2025-08-11 18:56:51,233 - INFO - 步骤4: 等待代理服务启动... (最多30秒)
2025-08-11 18:56:54,233 - INFO - 等待代理服务启动...
2025-08-11 18:56:54,256 - INFO - ✅ 端口 8080 已开始监听
2025-08-11 18:56:54,291 - INFO - ✅ 代理服务已启动并正常工作
2025-08-11 18:56:54,291 - INFO - ✅ Cookie抓取器已成功启动并运行正常 (PID: 37108)
2025-08-11 18:56:54,292 - INFO - ✅ Cookie 抓取器已在后台运行。
2025-08-11 18:56:54,292 - INFO - [步骤 2/5] 为 '南京检察' 启动 UI 自动化...
2025-08-11 18:56:54,292 - INFO - --- 步骤 1: 正在发送链接到文件传输助手 ---
2025-08-11 18:56:54,292 - INFO - 准备将链接发送到文件传输助手...
2025-08-11 18:56:54,292 - INFO - 正在查找微信主窗口...
2025-08-11 18:56:55,258 - INFO - 成功找到微信窗口 (ClassName='WeChatMainWndForPC')
2025-08-11 18:56:55,258 - INFO - 正在激活微信窗口...
2025-08-11 18:56:57,770 - INFO - 微信窗口已激活。
2025-08-11 18:56:57,770 - INFO - 尝试通过搜索框查找并进入'文件传输助手'...
2025-08-11 18:57:04,463 - INFO - 已通过搜索进入'文件传输助手'。
2025-08-11 18:57:04,464 - INFO - 清空搜索框并将焦点转移到聊天区域...
2025-08-11 18:57:07,793 - INFO - 正在查找聊天输入框...
2025-08-11 18:57:09,793 - INFO - 方法1: 查找所有EditControl，排除搜索框...
2025-08-11 18:57:09,798 - INFO - 方法2: 直接点击聊天输入区域...
2025-08-11 18:57:09,799 - INFO - 点击聊天输入区域坐标: (1033, 756)
2025-08-11 18:57:11,389 - INFO - 已将链接复制到剪贴板: http://mp.weixin.qq.com/s?__biz=MzA4NDIwNDMwMA==&mid=2653835071&idx=1&sn=cc8cf38061d7d6fcc3ebe05dd8f40121&chksm=8430215cb347a84a1a325532967bf3ec9aa6b593cb7f6e60e49eba5e6c61458705f0196be609#rd
2025-08-11 18:57:13,676 - INFO - 链接已粘贴，正在发送...
2025-08-11 18:57:13,911 - INFO - 找到发送按钮，点击发送...
2025-08-11 18:57:14,679 - INFO - 链接已发送。
2025-08-11 18:57:17,679 - INFO - --- 步骤 2: 链接已发送，准备查找并点击最新消息 ---
2025-08-11 18:57:19,778 - INFO - 已定位到最新的消息项，准备点击。
2025-08-11 18:57:20,495 - INFO - ✅ 成功点击最新链接。
2025-08-11 18:57:23,495 - INFO - --- 步骤 2.5: 检测并处理SSL证书错误页面 ---
2025-08-11 18:57:23,495 - INFO - 正在查找微信浏览器窗口...
2025-08-11 18:57:23,496 - INFO - 尝试使用GetFocusedControl查找当前焦点窗口...
2025-08-11 18:57:23,507 - INFO - 通过焦点检测找到浏览器窗口: '微信' (Chrome_WidgetWin_0)
2025-08-11 18:57:26,213 - INFO - 已成功激活焦点浏览器窗口
2025-08-11 18:57:27,713 - INFO - 正在检测SSL证书错误页面...
2025-08-11 18:57:43,435 - INFO - 未检测到SSL证书错误页面，继续正常流程
2025-08-11 18:57:43,435 - INFO - --- 步骤 3: 开始执行自动刷新 ---
2025-08-11 18:57:43,436 - INFO - 🔍 启用了抓包检测，将在成功抓包后自动停止刷新
2025-08-11 18:57:43,436 - INFO - 正在执行第 1 次刷新操作...
2025-08-11 18:57:43,436 - WARNING - 在文件中未找到有效的Cookie数据。
2025-08-11 18:57:43,436 - INFO - 正在查找微信浏览器窗口...
2025-08-11 18:57:43,436 - INFO - 尝试使用GetFocusedControl查找当前焦点窗口...
2025-08-11 18:57:43,439 - INFO - 通过焦点检测找到浏览器窗口: '微信' (Chrome_WidgetWin_0)
2025-08-11 18:57:46,144 - INFO - 已成功激活焦点浏览器窗口
2025-08-11 18:57:46,645 - INFO - 正在查找微信浏览器窗口...
2025-08-11 18:57:46,645 - INFO - 尝试使用GetFocusedControl查找当前焦点窗口...
2025-08-11 18:57:46,659 - INFO - 通过焦点检测找到浏览器窗口: '微信' (Chrome_WidgetWin_0)
2025-08-11 18:57:49,365 - INFO - 已成功激活焦点浏览器窗口
2025-08-11 18:57:50,866 - INFO - 正在检测SSL证书错误页面...
2025-08-11 18:58:07,113 - INFO - 已发送F5刷新指令到浏览器窗口
2025-08-11 18:58:07,114 - INFO - 等待页面刷新完成... (2.5秒)
2025-08-11 18:58:09,615 - INFO - 从文件中解析到有效Cookie数据。
2025-08-11 18:58:09,616 - INFO - 🎉 检测到抓包成功！在第 1 次刷新后停止
2025-08-11 18:58:09,616 - INFO - ✅ 自动刷新提前结束，开始进行阅读量爬取
2025-08-11 18:58:09,617 - INFO - 从文件中解析到有效Cookie数据。
2025-08-11 18:58:09,617 - INFO - ✅ 自动刷新因抓包成功而提前结束
2025-08-11 18:58:09,618 - INFO - ✅ UI 自动化已成功触发链接打开。
2025-08-11 18:58:09,618 - INFO - [步骤 3/5] 等待 '南京检察' 的 Cookie 数据...
2025-08-11 18:58:09,618 - INFO - 正在等待Cookie数据写入 'wechat_keys.txt'... (超时: 120秒)
2025-08-11 18:58:10,618 - INFO - 检测到Cookie文件已生成。
2025-08-11 18:58:10,619 - INFO - 从文件中解析到有效Cookie数据。
2025-08-11 18:58:10,620 - INFO - ✅ 成功获取并验证了新的 Cookie。
2025-08-11 18:58:10,620 - INFO - [步骤 4/5] 停止 '南京检察' 的 Cookie 抓取器...
2025-08-11 18:58:10,620 - INFO - 🧹 开始清理抓取器资源...
2025-08-11 18:58:10,620 - INFO - 正在停止Cookie抓取器 (PID: 37108)...
2025-08-11 18:58:10,622 - INFO - Cookie抓取器已成功终止。
2025-08-11 18:58:10,622 - INFO - 正在验证并清理代理设置...
2025-08-11 18:58:10,623 - INFO - === 开始重置网络状态 ===
2025-08-11 18:58:10,623 - INFO - 🔍 正在检查并结束现有代理进程...
2025-08-11 18:58:10,717 - INFO - 未发现运行中的mitmdump进程，跳过进程结束步骤
2025-08-11 18:58:10,718 - INFO - 🔧 正在关闭系统代理设置...
2025-08-11 18:58:10,718 - INFO - 系统代理已成功关闭
2025-08-11 18:58:10,718 - INFO - ✅ 代理关闭操作
2025-08-11 18:58:10,718 - INFO - 🔗 正在验证网络连接...
2025-08-11 18:58:10,743 - INFO - ✅ 网络连接正常（无代理）- 测试网站: https://www.baidu.com
2025-08-11 18:58:10,744 - INFO - ✅ 网络状态重置验证完成
2025-08-11 18:58:10,744 - INFO - ✅ 代理已完全关闭，网络状态已清理
2025-08-11 18:58:10,787 - INFO - ✅ 网络连接正常（无代理）- 测试网站: https://www.baidu.com
2025-08-11 18:58:10,787 - INFO - ✅ 网络连接验证正常
2025-08-11 18:58:13,787 - INFO - ✅ Cookie 抓取器已停止，系统代理已恢复。
2025-08-11 18:58:13,788 - INFO - [步骤 5/5] 开始爬取 '南京检察' 的文章...
2025-08-11 18:58:13,788 - INFO - 🔄 第 1/2 次尝试爬取...
2025-08-11 18:58:13,798 - INFO - ✅ 数据库连接成功: 127.0.0.1:3306/faxuan
2025-08-11 18:58:13,908 - WARNING - ⚠️ Cookie验证失败（ret=-3），准备仅刷新文章页面以重新抓包...
2025-08-11 18:58:13,908 - INFO - 🔄 重新启动Cookie抓取器...
2025-08-11 18:58:13,908 - INFO - 已删除旧的日志文件: wechat_keys.txt
2025-08-11 18:58:13,908 - INFO - 🚀 开始启动Cookie抓取器...
2025-08-11 18:58:13,908 - INFO - 步骤1: 正在准备网络环境...
2025-08-11 18:58:13,909 - INFO - === 开始重置网络状态 ===
2025-08-11 18:58:13,909 - INFO - 🔍 正在检查并结束现有代理进程...
2025-08-11 18:58:14,000 - INFO - 未发现运行中的mitmdump进程，跳过进程结束步骤
2025-08-11 18:58:14,000 - INFO - 🔧 正在关闭系统代理设置...
2025-08-11 18:58:14,001 - INFO - 系统代理已成功关闭
2025-08-11 18:58:14,001 - INFO - ✅ 代理关闭操作
2025-08-11 18:58:14,001 - INFO - 🔗 正在验证网络连接...
2025-08-11 18:58:14,031 - INFO - ✅ 网络连接正常（无代理）- 测试网站: https://www.baidu.com
2025-08-11 18:58:14,032 - INFO - ✅ 网络状态重置验证完成
2025-08-11 18:58:14,032 - INFO - 步骤2: 正在备份原始网络配置...
2025-08-11 18:58:14,032 - INFO - 已备份原始代理设置: {'enable': False, 'server': ''}
2025-08-11 18:58:14,032 - INFO - 步骤3: 正在启动命令: mitmdump -s D:\mynj\wechat_spider_gitlab\src\proxy\cookie_extractor.py --listen-port 8080 --ssl-insecure
2025-08-11 18:58:14,511 - INFO - ✅ mitmdump版本: Mitmproxy: 12.1.1
Python:    3.13.5
OpenSSL:   OpenSSL 3.4.1 11 Feb 2025
Platform:  Windows-11-10.0.22631-SP0
2025-08-11 18:58:14,512 - INFO - 🔄 Cookie抓取器进程已启动，PID: 34680
2025-08-11 18:58:14,512 - INFO - 步骤4: 等待代理服务启动... (最多30秒)
2025-08-11 18:58:17,512 - INFO - 等待代理服务启动...
2025-08-11 18:58:17,513 - INFO - ✅ 端口 8080 已开始监听
2025-08-11 18:58:17,534 - INFO - ✅ 代理服务已启动并正常工作
2025-08-11 18:58:17,534 - INFO - ✅ Cookie抓取器已成功启动并运行正常 (PID: 34680)
2025-08-11 18:58:17,534 - INFO - 🔁 不重新粘贴链接，直接刷新已打开的文章页面以触发新请求…
2025-08-11 18:58:17,534 - INFO - 开始执行自动浏览器刷新...
2025-08-11 18:58:17,535 - WARNING - 在文件中未找到有效的Cookie数据。
2025-08-11 18:58:17,535 - INFO - 首先检查是否存在SSL证书错误页面...
2025-08-11 18:58:17,535 - INFO - 正在查找微信浏览器窗口...
2025-08-11 18:58:17,535 - INFO - 尝试使用GetFocusedControl查找当前焦点窗口...
2025-08-11 18:58:17,539 - INFO - 通过焦点检测找到浏览器窗口: '微信' (Chrome_WidgetWin_0)
2025-08-11 18:58:20,245 - INFO - 已成功激活焦点浏览器窗口
2025-08-11 18:58:21,746 - INFO - 正在检测SSL证书错误页面...
2025-08-11 18:58:37,449 - INFO - 未检测到SSL证书错误页面，开始正常刷新流程
2025-08-11 18:58:37,449 - INFO - 正在执行第 1 次刷新操作...
2025-08-11 18:58:37,449 - WARNING - 在文件中未找到有效的Cookie数据。
2025-08-11 18:58:37,449 - INFO - 正在查找微信浏览器窗口...
2025-08-11 18:58:37,449 - INFO - 尝试使用GetFocusedControl查找当前焦点窗口...
2025-08-11 18:58:37,453 - INFO - 通过焦点检测找到浏览器窗口: '微信' (Chrome_WidgetWin_0)
2025-08-11 18:58:40,158 - INFO - 已成功激活焦点浏览器窗口
2025-08-11 18:58:41,160 - INFO - 已发送F5刷新指令到浏览器窗口
2025-08-11 18:58:41,160 - INFO - 等待页面刷新完成... (3.0秒)
2025-08-11 18:58:44,161 - INFO - 从文件中解析到有效Cookie数据。
2025-08-11 18:58:44,161 - INFO - 🎉 刷新后检测到抓包成功，在第 1 次后结束
2025-08-11 18:58:44,162 - INFO - 正在等待Cookie数据写入 'wechat_keys.txt'... (超时: 120秒)
2025-08-11 18:58:45,162 - INFO - 检测到Cookie文件已生成。
2025-08-11 18:58:45,163 - INFO - 从文件中解析到有效Cookie数据。
2025-08-11 18:58:45,163 - INFO - 🧹 开始清理抓取器资源...
2025-08-11 18:58:45,164 - INFO - 正在停止Cookie抓取器 (PID: 34680)...
2025-08-11 18:58:45,166 - INFO - Cookie抓取器已成功终止。
2025-08-11 18:58:45,166 - INFO - 正在验证并清理代理设置...
2025-08-11 18:58:45,166 - INFO - === 开始重置网络状态 ===
2025-08-11 18:58:45,167 - INFO - 🔍 正在检查并结束现有代理进程...
2025-08-11 18:58:45,267 - INFO - 未发现运行中的mitmdump进程，跳过进程结束步骤
2025-08-11 18:58:45,267 - INFO - 🔧 正在关闭系统代理设置...
2025-08-11 18:58:45,267 - INFO - 系统代理已成功关闭
2025-08-11 18:58:45,267 - INFO - ✅ 代理关闭操作
2025-08-11 18:58:45,267 - INFO - 🔗 正在验证网络连接...
2025-08-11 18:58:45,322 - INFO - ✅ 网络连接正常（无代理）- 测试网站: https://www.baidu.com
2025-08-11 18:58:45,322 - INFO - ✅ 网络状态重置验证完成
2025-08-11 18:58:45,323 - INFO - ✅ 代理已完全关闭，网络状态已清理
2025-08-11 18:58:45,379 - INFO - ✅ 网络连接正常（无代理）- 测试网站: https://www.baidu.com
2025-08-11 18:58:45,380 - INFO - ✅ 网络连接验证正常
2025-08-11 18:58:48,380 - INFO - ✅ 成功通过刷新重新获取Cookie，继续尝试...
2025-08-11 18:58:48,381 - INFO - 🔄 第 2/2 次尝试爬取...
2025-08-11 18:58:48,383 - INFO - ✅ 数据库连接成功: 127.0.0.1:3306/faxuan
2025-08-11 18:58:48,652 - INFO - ✅ Cookie验证成功，开始正式爬取...
2025-08-11 18:58:48,652 - INFO - 🧠 账号 南京检察 自适应估算 max_pages = 5
2025-08-11 18:59:19,315 - INFO - ✅ 文章插入成功: 玄武检察上《法治日报》头版了！ (ID: 2025081118593566)
2025-08-11 18:59:34,318 - INFO - 数据库连接已关闭
2025-08-11 18:59:34,347 - INFO - ✅ 公众号 '南京检察' 爬取完成！获取 1 篇文章
2025-08-11 18:59:34,347 - INFO - 📊 数据已保存到: ./data/readnum_batch/readnum_南京检察_20250811_185934.xlsx
2025-08-11 18:59:34,347 - INFO - ⏳ 公众号间延迟 360 秒...
2025-08-11 19:05:34,347 - INFO - ============================================================
2025-08-11 19:05:34,348 - INFO - 📍 处理第 2/2 个公众号: 钟山清风
2025-08-11 19:05:34,348 - INFO - ============================================================
2025-08-11 19:05:34,348 - INFO - [步骤 1/5] 为 '钟山清风' 创建独立的 Cookie 抓取器...
2025-08-11 19:05:34,349 - INFO - 已删除旧的日志文件: wechat_keys.txt
2025-08-11 19:05:34,349 - INFO - 🚀 开始启动Cookie抓取器...
2025-08-11 19:05:34,350 - INFO - 步骤1: 正在准备网络环境...
2025-08-11 19:05:34,350 - INFO - === 开始重置网络状态 ===
2025-08-11 19:05:34,350 - INFO - 🔍 正在检查并结束现有代理进程...
2025-08-11 19:05:34,442 - INFO - 未发现运行中的mitmdump进程，跳过进程结束步骤
2025-08-11 19:05:34,442 - INFO - 🔧 正在关闭系统代理设置...
2025-08-11 19:05:34,442 - INFO - 系统代理已成功关闭
2025-08-11 19:05:34,442 - INFO - ✅ 代理关闭操作
2025-08-11 19:05:34,442 - INFO - 🔗 正在验证网络连接...
2025-08-11 19:05:34,499 - INFO - ✅ 网络连接正常（无代理）- 测试网站: https://www.baidu.com
2025-08-11 19:05:34,499 - INFO - ✅ 网络状态重置验证完成
2025-08-11 19:05:34,499 - INFO - 步骤2: 正在备份原始网络配置...
2025-08-11 19:05:34,500 - INFO - 已备份原始代理设置: {'enable': False, 'server': ''}
2025-08-11 19:05:34,500 - INFO - 步骤3: 正在启动命令: mitmdump -s D:\mynj\wechat_spider_gitlab\src\proxy\cookie_extractor.py --listen-port 8080 --ssl-insecure
2025-08-11 19:05:35,077 - INFO - ✅ mitmdump版本: Mitmproxy: 12.1.1
Python:    3.13.5
OpenSSL:   OpenSSL 3.4.1 11 Feb 2025
Platform:  Windows-11-10.0.22631-SP0
2025-08-11 19:05:35,078 - INFO - 🔄 Cookie抓取器进程已启动，PID: 36856
2025-08-11 19:05:35,078 - INFO - 步骤4: 等待代理服务启动... (最多30秒)
2025-08-11 19:05:38,078 - INFO - 等待代理服务启动...
2025-08-11 19:05:38,079 - INFO - ✅ 端口 8080 已开始监听
2025-08-11 19:05:38,111 - INFO - ✅ 代理服务已启动并正常工作
2025-08-11 19:05:38,111 - INFO - ✅ Cookie抓取器已成功启动并运行正常 (PID: 36856)
2025-08-11 19:05:38,111 - INFO - ✅ Cookie 抓取器已在后台运行。
2025-08-11 19:05:38,111 - INFO - [步骤 2/5] 为 '钟山清风' 启动 UI 自动化...
2025-08-11 19:05:38,112 - INFO - --- 步骤 1: 正在发送链接到文件传输助手 ---
2025-08-11 19:05:38,112 - INFO - 准备将链接发送到文件传输助手...
2025-08-11 19:05:38,113 - INFO - 正在查找微信主窗口...
2025-08-11 19:05:38,153 - INFO - 成功找到微信窗口 (ClassName='WeChatMainWndForPC')
2025-08-11 19:05:38,153 - INFO - 正在激活微信窗口...
2025-08-11 19:05:40,667 - INFO - 微信窗口已激活。
2025-08-11 19:05:40,667 - INFO - 尝试通过搜索框查找并进入'文件传输助手'...
2025-08-11 19:05:47,244 - INFO - 已通过搜索进入'文件传输助手'。
2025-08-11 19:05:47,244 - INFO - 清空搜索框并将焦点转移到聊天区域...
2025-08-11 19:05:50,579 - INFO - 正在查找聊天输入框...
2025-08-11 19:05:52,579 - INFO - 方法1: 查找所有EditControl，排除搜索框...
2025-08-11 19:05:52,590 - INFO - 方法2: 直接点击聊天输入区域...
2025-08-11 19:05:52,591 - INFO - 点击聊天输入区域坐标: (1033, 756)
2025-08-11 19:05:54,161 - INFO - 已将链接复制到剪贴板: https://mp.weixin.qq.com/s?__biz=Mzg3MzcwMjI5NQ==&mid=2247521212&idx=1&sn=2d7cae536e0ced5e4f59ded16b88ab30&chksm=cf77a61131b97056fa39d8d9863d17ebd6c23a14e37c3dfd8cdcc5bb00fe2c549e215b8928d8&scene=27#wechat_redirect
2025-08-11 19:05:56,447 - INFO - 链接已粘贴，正在发送...
2025-08-11 19:05:56,688 - INFO - 找到发送按钮，点击发送...
2025-08-11 19:05:57,461 - INFO - 链接已发送。
2025-08-11 19:06:00,462 - INFO - --- 步骤 2: 链接已发送，准备查找并点击最新消息 ---
2025-08-11 19:06:02,555 - INFO - 已定位到最新的消息项，准备点击。
2025-08-11 19:06:03,279 - INFO - ✅ 成功点击最新链接。
2025-08-11 19:06:06,280 - INFO - --- 步骤 2.5: 检测并处理SSL证书错误页面 ---
2025-08-11 19:06:06,280 - INFO - 正在查找微信浏览器窗口...
2025-08-11 19:06:06,280 - INFO - 尝试使用GetFocusedControl查找当前焦点窗口...
2025-08-11 19:06:06,284 - INFO - 通过焦点检测找到浏览器窗口: '微信' (Chrome_WidgetWin_0)
2025-08-11 19:06:08,989 - INFO - 已成功激活焦点浏览器窗口
2025-08-11 19:06:10,489 - INFO - 正在检测SSL证书错误页面...
2025-08-11 19:06:26,232 - INFO - 未检测到SSL证书错误页面，继续正常流程
2025-08-11 19:06:26,232 - INFO - --- 步骤 3: 开始执行自动刷新 ---
2025-08-11 19:06:26,232 - INFO - 🔍 启用了抓包检测，将在成功抓包后自动停止刷新
2025-08-11 19:06:26,232 - INFO - 正在执行第 1 次刷新操作...
2025-08-11 19:06:26,233 - WARNING - 在文件中未找到有效的Cookie数据。
2025-08-11 19:06:26,233 - INFO - 正在查找微信浏览器窗口...
2025-08-11 19:06:26,233 - INFO - 尝试使用GetFocusedControl查找当前焦点窗口...
2025-08-11 19:06:26,237 - INFO - 通过焦点检测找到浏览器窗口: '微信' (Chrome_WidgetWin_0)
2025-08-11 19:06:28,942 - INFO - 已成功激活焦点浏览器窗口
2025-08-11 19:06:29,443 - INFO - 正在查找微信浏览器窗口...
2025-08-11 19:06:29,444 - INFO - 尝试使用GetFocusedControl查找当前焦点窗口...
2025-08-11 19:06:29,455 - INFO - 通过焦点检测找到浏览器窗口: '微信' (Chrome_WidgetWin_0)
2025-08-11 19:06:32,160 - INFO - 已成功激活焦点浏览器窗口
2025-08-11 19:06:33,661 - INFO - 正在检测SSL证书错误页面...
2025-08-11 19:06:49,872 - INFO - 已发送F5刷新指令到浏览器窗口
2025-08-11 19:06:49,873 - INFO - 等待页面刷新完成... (2.5秒)
2025-08-11 19:06:52,373 - INFO - 从文件中解析到有效Cookie数据。
2025-08-11 19:06:52,374 - INFO - 🎉 检测到抓包成功！在第 1 次刷新后停止
2025-08-11 19:06:52,374 - INFO - ✅ 自动刷新提前结束，开始进行阅读量爬取
2025-08-11 19:06:52,375 - INFO - 从文件中解析到有效Cookie数据。
2025-08-11 19:06:52,375 - INFO - ✅ 自动刷新因抓包成功而提前结束
2025-08-11 19:06:52,376 - INFO - ✅ UI 自动化已成功触发链接打开。
2025-08-11 19:06:52,376 - INFO - [步骤 3/5] 等待 '钟山清风' 的 Cookie 数据...
2025-08-11 19:06:52,377 - INFO - 正在等待Cookie数据写入 'wechat_keys.txt'... (超时: 120秒)
2025-08-11 19:06:53,377 - INFO - 检测到Cookie文件已生成。
2025-08-11 19:06:53,378 - INFO - 从文件中解析到有效Cookie数据。
2025-08-11 19:06:53,378 - INFO - ✅ 成功获取并验证了新的 Cookie。
2025-08-11 19:06:53,378 - INFO - [步骤 4/5] 停止 '钟山清风' 的 Cookie 抓取器...
2025-08-11 19:06:53,378 - INFO - 🧹 开始清理抓取器资源...
2025-08-11 19:06:53,379 - INFO - 正在停止Cookie抓取器 (PID: 36856)...
2025-08-11 19:06:53,381 - INFO - Cookie抓取器已成功终止。
2025-08-11 19:06:53,381 - INFO - 正在验证并清理代理设置...
2025-08-11 19:06:53,381 - INFO - === 开始重置网络状态 ===
2025-08-11 19:06:53,381 - INFO - 🔍 正在检查并结束现有代理进程...
2025-08-11 19:06:53,474 - INFO - 未发现运行中的mitmdump进程，跳过进程结束步骤
2025-08-11 19:06:53,474 - INFO - 🔧 正在关闭系统代理设置...
2025-08-11 19:06:53,474 - INFO - 系统代理已成功关闭
2025-08-11 19:06:53,474 - INFO - ✅ 代理关闭操作
2025-08-11 19:06:53,474 - INFO - 🔗 正在验证网络连接...
2025-08-11 19:06:53,522 - INFO - ✅ 网络连接正常（无代理）- 测试网站: https://www.baidu.com
2025-08-11 19:06:53,523 - INFO - ✅ 网络状态重置验证完成
2025-08-11 19:06:53,523 - INFO - ✅ 代理已完全关闭，网络状态已清理
2025-08-11 19:06:53,563 - INFO - ✅ 网络连接正常（无代理）- 测试网站: https://www.baidu.com
2025-08-11 19:06:53,564 - INFO - ✅ 网络连接验证正常
2025-08-11 19:06:56,564 - INFO - ✅ Cookie 抓取器已停止，系统代理已恢复。
2025-08-11 19:06:56,564 - INFO - [步骤 5/5] 开始爬取 '钟山清风' 的文章...
2025-08-11 19:06:56,565 - INFO - 🔄 第 1/2 次尝试爬取...
2025-08-11 19:06:56,588 - INFO - ✅ 数据库连接成功: 127.0.0.1:3306/faxuan
2025-08-11 19:06:56,674 - WARNING - ⚠️ Cookie验证失败（ret=-3），准备仅刷新文章页面以重新抓包...
2025-08-11 19:06:56,674 - INFO - 🔄 重新启动Cookie抓取器...
2025-08-11 19:06:56,674 - INFO - 已删除旧的日志文件: wechat_keys.txt
2025-08-11 19:06:56,675 - INFO - 🚀 开始启动Cookie抓取器...
2025-08-11 19:06:56,675 - INFO - 步骤1: 正在准备网络环境...
2025-08-11 19:06:56,675 - INFO - === 开始重置网络状态 ===
2025-08-11 19:06:56,675 - INFO - 🔍 正在检查并结束现有代理进程...
2025-08-11 19:06:56,755 - INFO - 未发现运行中的mitmdump进程，跳过进程结束步骤
2025-08-11 19:06:56,756 - INFO - 🔧 正在关闭系统代理设置...
2025-08-11 19:06:56,756 - INFO - 系统代理已成功关闭
2025-08-11 19:06:56,756 - INFO - ✅ 代理关闭操作
2025-08-11 19:06:56,756 - INFO - 🔗 正在验证网络连接...
2025-08-11 19:06:56,801 - INFO - ✅ 网络连接正常（无代理）- 测试网站: https://www.baidu.com
2025-08-11 19:06:56,801 - INFO - ✅ 网络状态重置验证完成
2025-08-11 19:06:56,801 - INFO - 步骤2: 正在备份原始网络配置...
2025-08-11 19:06:56,801 - INFO - 已备份原始代理设置: {'enable': False, 'server': ''}
2025-08-11 19:06:56,801 - INFO - 步骤3: 正在启动命令: mitmdump -s D:\mynj\wechat_spider_gitlab\src\proxy\cookie_extractor.py --listen-port 8080 --ssl-insecure
2025-08-11 19:06:57,299 - INFO - ✅ mitmdump版本: Mitmproxy: 12.1.1
Python:    3.13.5
OpenSSL:   OpenSSL 3.4.1 11 Feb 2025
Platform:  Windows-11-10.0.22631-SP0
2025-08-11 19:06:57,300 - INFO - 🔄 Cookie抓取器进程已启动，PID: 15116
2025-08-11 19:06:57,300 - INFO - 步骤4: 等待代理服务启动... (最多30秒)
2025-08-11 19:07:00,300 - INFO - 等待代理服务启动...
2025-08-11 19:07:00,320 - INFO - ✅ 端口 8080 已开始监听
2025-08-11 19:07:00,365 - INFO - ✅ 代理服务已启动并正常工作
2025-08-11 19:07:00,365 - INFO - ✅ Cookie抓取器已成功启动并运行正常 (PID: 15116)
2025-08-11 19:07:00,365 - INFO - 🔁 不重新粘贴链接，直接刷新已打开的文章页面以触发新请求…
2025-08-11 19:07:00,365 - INFO - 开始执行自动浏览器刷新...
2025-08-11 19:07:00,366 - WARNING - 在文件中未找到有效的Cookie数据。
2025-08-11 19:07:00,366 - INFO - 首先检查是否存在SSL证书错误页面...
2025-08-11 19:07:00,366 - INFO - 正在查找微信浏览器窗口...
2025-08-11 19:07:00,366 - INFO - 尝试使用GetFocusedControl查找当前焦点窗口...
2025-08-11 19:07:00,372 - INFO - 通过焦点检测找到浏览器窗口: '微信' (Chrome_WidgetWin_0)
2025-08-11 19:07:03,076 - INFO - 已成功激活焦点浏览器窗口
2025-08-11 19:07:04,577 - INFO - 正在检测SSL证书错误页面...
2025-08-11 19:07:20,349 - INFO - 未检测到SSL证书错误页面，开始正常刷新流程
2025-08-11 19:07:20,349 - INFO - 正在执行第 1 次刷新操作...
2025-08-11 19:07:20,349 - WARNING - 在文件中未找到有效的Cookie数据。
2025-08-11 19:07:20,349 - INFO - 正在查找微信浏览器窗口...
2025-08-11 19:07:20,349 - INFO - 尝试使用GetFocusedControl查找当前焦点窗口...
2025-08-11 19:07:20,355 - INFO - 通过焦点检测找到浏览器窗口: '微信' (Chrome_WidgetWin_0)
2025-08-11 19:07:23,064 - INFO - 已成功激活焦点浏览器窗口
2025-08-11 19:07:24,066 - INFO - 已发送F5刷新指令到浏览器窗口
2025-08-11 19:07:24,067 - INFO - 等待页面刷新完成... (3.0秒)
2025-08-11 19:07:27,068 - INFO - 从文件中解析到有效Cookie数据。
2025-08-11 19:07:27,068 - INFO - 🎉 刷新后检测到抓包成功，在第 1 次后结束
2025-08-11 19:07:27,068 - INFO - 正在等待Cookie数据写入 'wechat_keys.txt'... (超时: 120秒)
2025-08-11 19:07:28,069 - INFO - 检测到Cookie文件已生成。
2025-08-11 19:07:28,070 - INFO - 从文件中解析到有效Cookie数据。
2025-08-11 19:07:28,070 - INFO - 🧹 开始清理抓取器资源...
2025-08-11 19:07:28,070 - INFO - 正在停止Cookie抓取器 (PID: 15116)...
2025-08-11 19:07:28,072 - INFO - Cookie抓取器已成功终止。
2025-08-11 19:07:28,072 - INFO - 正在验证并清理代理设置...
2025-08-11 19:07:28,073 - INFO - === 开始重置网络状态 ===
2025-08-11 19:07:28,073 - INFO - 🔍 正在检查并结束现有代理进程...
2025-08-11 19:07:28,178 - INFO - 未发现运行中的mitmdump进程，跳过进程结束步骤
2025-08-11 19:07:28,178 - INFO - 🔧 正在关闭系统代理设置...
2025-08-11 19:07:28,178 - INFO - 系统代理已成功关闭
2025-08-11 19:07:28,178 - INFO - ✅ 代理关闭操作
2025-08-11 19:07:28,178 - INFO - 🔗 正在验证网络连接...
2025-08-11 19:07:28,218 - INFO - ✅ 网络连接正常（无代理）- 测试网站: https://www.baidu.com
2025-08-11 19:07:28,218 - INFO - ✅ 网络状态重置验证完成
2025-08-11 19:07:28,219 - INFO - ✅ 代理已完全关闭，网络状态已清理
2025-08-11 19:07:28,283 - INFO - ✅ 网络连接正常（无代理）- 测试网站: https://www.baidu.com
2025-08-11 19:07:28,284 - INFO - ✅ 网络连接验证正常
2025-08-11 19:07:31,284 - INFO - ✅ 成功通过刷新重新获取Cookie，继续尝试...
2025-08-11 19:07:31,285 - INFO - 🔄 第 2/2 次尝试爬取...
2025-08-11 19:07:31,293 - INFO - ✅ 数据库连接成功: 127.0.0.1:3306/faxuan
2025-08-11 19:07:31,523 - INFO - ✅ Cookie验证成功，开始正式爬取...
2025-08-11 19:07:31,524 - INFO - 🧠 账号 钟山清风 自适应估算 max_pages = 5
2025-08-11 19:08:02,273 - INFO - ✅ 文章插入成功: ​功夫下在实干上 (ID: 2025081119085021)
2025-08-11 19:08:13,073 - INFO - ✅ 文章插入成功: 持续加强新时代党员干部家风建设 (ID: 2025081119085475)
2025-08-11 19:08:25,765 - INFO - ✅ 文章插入成功: 中国纪检监察报刊稿：丰富载体形式 以优良家风涵养清风正气 (ID: 2025081119087954)
2025-08-11 19:08:57,072 - INFO - 数据库连接已关闭
2025-08-11 19:08:57,080 - INFO - ✅ 公众号 '钟山清风' 爬取完成！获取 3 篇文章
2025-08-11 19:08:57,080 - INFO - 📊 数据已保存到: ./data/readnum_batch/readnum_钟山清风_20250811_190857.xlsx
2025-08-11 19:08:57,080 - INFO - ================================================================================
2025-08-11 19:08:57,080 - INFO - 📊 多公众号爬取汇总结果
2025-08-11 19:08:57,080 - INFO - ================================================================================
2025-08-11 19:08:57,080 - INFO - ✅ 成功处理: 2 个公众号
2025-08-11 19:08:57,080 - INFO - ❌ 失败处理: 0 个公众号
2025-08-11 19:08:57,080 - INFO - 📄 总计文章: 4 篇
2025-08-11 19:08:57,080 - INFO - ================================================================================
2025-08-11 19:08:57,080 - INFO - ✅ 多公众号全新自动化流程执行完毕 ✅
2025-08-11 19:08:57,080 - INFO - ================================================================================
2025-08-11 19:08:57,081 - INFO - ✅ 爬取流程完成，程序正常结束
